Dec-21 09:28:04.807 [main] DEBUG nextflow.cli.Launcher - $> nextflow run test.nf --sra read
Dec-21 09:28:04.927 [main] INFO  nextflow.cli.CmdRun - N E X T F L O W  ~  version 23.10.0
Dec-21 09:28:04.963 [main] DEBUG nextflow.plugin.PluginsFacade - Setting up plugin manager > mode=prod; embedded=false; plugins-dir=/cluster/home/ayocca/.nextflow/plugins; core-plugins: nf-amazon@2.1.4,nf-azure@1.3.2,nf-cloudcache@0.3.0,nf-codecommit@0.1.5,nf-console@1.0.6,nf-ga4gh@1.1.0,nf-google@1.8.3,nf-tower@1.6.3,nf-wave@1.0.0
Dec-21 09:28:04.977 [main] INFO  o.pf4j.DefaultPluginStatusProvider - Enabled plugins: []
Dec-21 09:28:04.987 [main] INFO  o.pf4j.DefaultPluginStatusProvider - Disabled plugins: []
Dec-21 09:28:04.990 [main] INFO  org.pf4j.DefaultPluginManager - PF4J version 3.4.1 in 'deployment' mode
Dec-21 09:28:05.008 [main] INFO  org.pf4j.AbstractPluginManager - No plugins
Dec-21 09:28:05.163 [main] DEBUG nextflow.cli.CmdRun - Applied DSL=2 by global default
Dec-21 09:28:05.189 [main] INFO  nextflow.cli.CmdRun - Launching `test.nf` [soggy_hugle] DSL2 - revision: 0dbeeffc0c
Dec-21 09:28:05.190 [main] DEBUG nextflow.plugin.PluginsFacade - Plugins default=[]
Dec-21 09:28:05.190 [main] DEBUG nextflow.plugin.PluginsFacade - Plugins resolved requirement=[]
Dec-21 09:28:05.210 [main] DEBUG n.secret.LocalSecretsProvider - Secrets store: /cluster/home/ayocca/.nextflow/secrets/store.json
Dec-21 09:28:05.215 [main] DEBUG nextflow.secret.SecretsLoader - Discovered secrets providers: [nextflow.secret.LocalSecretsProvider@7a24eb3] - activable => nextflow.secret.LocalSecretsProvider@7a24eb3
Dec-21 09:28:05.337 [main] DEBUG nextflow.Session - Session UUID: 700ebb2b-78aa-4e22-bb97-bc4e493f5909
Dec-21 09:28:05.341 [main] DEBUG nextflow.Session - Run name: soggy_hugle
Dec-21 09:28:05.343 [main] DEBUG nextflow.Session - Executor pool size: 2
Dec-21 09:28:05.358 [main] DEBUG nextflow.file.FilePorter - File porter settings maxRetries=3; maxTransfers=50; pollTimeout=null
Dec-21 09:28:05.382 [main] DEBUG nextflow.util.ThreadPoolBuilder - Creating thread pool 'FileTransfer' minSize=10; maxSize=10; workQueue=LinkedBlockingQueue[10000]; allowCoreThreadTimeout=false
Dec-21 09:28:05.679 [main] DEBUG nextflow.cli.CmdRun - 
  Version: 23.10.0 build 5889
  Created: 15-10-2023 15:07 UTC (10:07 CDT)
  System: Linux 4.18.0-477.21.1.el8_8.x86_64
  Runtime: Groovy 3.0.19 on OpenJDK 64-Bit Server VM 17.0.9-internal+0-adhoc..src
  Encoding: UTF-8 (UTF-8)
  Process: 1237252@int0002 [172.24.232.111]
  CPUs: 1 - Mem: 10 GB (9.8 GB) - Swap: 0 (0)
Dec-21 09:28:05.772 [main] DEBUG nextflow.Session - Work-dir: /cluster/home/ayocca/03_RGE/12_reads2pav/readstopav/subworkflows/local/reads_to_genomecov/work [fuseblk]
Dec-21 09:28:05.774 [main] DEBUG nextflow.Session - Script base path does not exist or is not a directory: /cluster/home/ayocca/03_RGE/12_reads2pav/readstopav/subworkflows/local/reads_to_genomecov/bin
Dec-21 09:28:05.781 [main] DEBUG nextflow.executor.ExecutorFactory - Extension executors providers=[]
Dec-21 09:28:05.813 [main] DEBUG nextflow.Session - Observer factory: DefaultObserverFactory
Dec-21 09:28:05.836 [main] DEBUG nextflow.cache.CacheFactory - Using Nextflow cache factory: nextflow.cache.DefaultCacheFactory
Dec-21 09:28:05.862 [main] DEBUG nextflow.util.CustomThreadPool - Creating default thread pool > poolSize: 2; maxThreads: 1000
Dec-21 09:28:05.978 [main] DEBUG nextflow.Session - Session start
Dec-21 09:28:06.672 [main] DEBUG nextflow.script.ScriptRunner - Parsed script files:
Dec-21 09:28:06.695 [main] ERROR nextflow.cli.Launcher - Script compilation error
- file : /cluster/home/ayocca/03_RGE/12_reads2pav/readstopav/subworkflows/local/reads_to_genomecov/test.nf
- cause: Unknown execution scope 'input:' @ line 15, column 5.
       reads = [path("test/" + params.sra + "_1.fastq.gz"),
       ^

Script compilation error
- file : /cluster/home/ayocca/03_RGE/12_reads2pav/readstopav/subworkflows/local/reads_to_genomecov/test.nf
- cause: Unknown execution scope 'input:' @ line 17, column 5.
       genome
       ^

Script compilation error
- file : /cluster/home/ayocca/03_RGE/12_reads2pav/readstopav/subworkflows/local/reads_to_genomecov/test.nf
- cause: Unknown execution scope 'input:' @ line 18, column 5.
       genome_fai
       ^

Script compilation error
- file : /cluster/home/ayocca/03_RGE/12_reads2pav/readstopav/subworkflows/local/reads_to_genomecov/test.nf
- cause: Unknown execution scope 'input:' @ line 20, column 5.
       READS_TO_GENOMECOV(reads, genome, genome_fai)
       ^

4 errors

nextflow.exception.ScriptCompilationException: Script compilation error
- file : /cluster/home/ayocca/03_RGE/12_reads2pav/readstopav/subworkflows/local/reads_to_genomecov/test.nf
- cause: Unknown execution scope 'input:' @ line 15, column 5.
       reads = [path("test/" + params.sra + "_1.fastq.gz"),
       ^

Script compilation error
- file : /cluster/home/ayocca/03_RGE/12_reads2pav/readstopav/subworkflows/local/reads_to_genomecov/test.nf
- cause: Unknown execution scope 'input:' @ line 17, column 5.
       genome
       ^

Script compilation error
- file : /cluster/home/ayocca/03_RGE/12_reads2pav/readstopav/subworkflows/local/reads_to_genomecov/test.nf
- cause: Unknown execution scope 'input:' @ line 18, column 5.
       genome_fai
       ^

Script compilation error
- file : /cluster/home/ayocca/03_RGE/12_reads2pav/readstopav/subworkflows/local/reads_to_genomecov/test.nf
- cause: Unknown execution scope 'input:' @ line 20, column 5.
       READS_TO_GENOMECOV(reads, genome, genome_fai)
       ^

4 errors

	at nextflow.script.ScriptParser.parse0(ScriptParser.groovy:196)
	at nextflow.script.ScriptParser.parse(ScriptParser.groovy:206)
	at nextflow.script.ScriptRunner.parseScript(ScriptRunner.groovy:228)
	at nextflow.script.ScriptRunner.execute(ScriptRunner.groovy:135)
	at nextflow.cli.CmdRun.run(CmdRun.groovy:372)
	at nextflow.cli.Launcher.run(Launcher.groovy:499)
	at nextflow.cli.Launcher.main(Launcher.groovy:670)
Caused by: org.codehaus.groovy.control.MultipleCompilationErrorsException: startup failed:
Script_276c8a490a1e21ae: 15: Unknown execution scope 'input:' @ line 15, column 5.
       reads = [path("test/" + params.sra + "_1.fastq.gz"),
       ^

Script_276c8a490a1e21ae: 17: Unknown execution scope 'input:' @ line 17, column 5.
       genome
       ^

Script_276c8a490a1e21ae: 18: Unknown execution scope 'input:' @ line 18, column 5.
       genome_fai
       ^

Script_276c8a490a1e21ae: 20: Unknown execution scope 'input:' @ line 20, column 5.
       READS_TO_GENOMECOV(reads, genome, genome_fai)
       ^

4 errors

	at org.codehaus.groovy.control.ErrorCollector.failIfErrors(ErrorCollector.java:292)
	at org.codehaus.groovy.control.CompilationUnit$IPrimaryClassNodeOperation.doPhaseOperation(CompilationUnit.java:985)
	at org.codehaus.groovy.control.CompilationUnit.processPhaseOperations(CompilationUnit.java:672)
	at org.codehaus.groovy.control.CompilationUnit.compile(CompilationUnit.java:636)
	at groovy.lang.GroovyClassLoader.doParseClass(GroovyClassLoader.java:389)
	at groovy.lang.GroovyClassLoader.lambda$parseClass$3(GroovyClassLoader.java:332)
	at org.codehaus.groovy.runtime.memoize.StampedCommonCache.compute(StampedCommonCache.java:163)
	at org.codehaus.groovy.runtime.memoize.StampedCommonCache.getAndPut(StampedCommonCache.java:154)
	at groovy.lang.GroovyClassLoader.parseClass(GroovyClassLoader.java:330)
	at groovy.lang.GroovyShell.parseClass(GroovyShell.java:526)
	at groovy.lang.GroovyShell.parse(GroovyShell.java:538)
	at groovy.lang.GroovyShell.parse(GroovyShell.java:570)
	at nextflow.script.ScriptParser.parse0(ScriptParser.groovy:175)
	... 6 common frames omitted
